0 info it worked if it ends with ok
1 verbose cli [ 'C:\\Program Files\\nodejs\\\\node.exe',
1 verbose cli   'C:\\Program Files\\nodejs\\node_modules\\npm\\bin\\npm-cli.js',
1 verbose cli   'start' ]
2 info using npm@1.4.3
3 info using node@v0.10.26
4 verbose node symlink C:\Program Files\nodejs\\node.exe
5 verbose run-script [ 'prestart', 'start', 'poststart' ]
6 info prestart research_app@0.0.1
7 verbose unsafe-perm in lifecycle true
8 info start research_app@0.0.1
9 verbose unsafe-perm in lifecycle true
10 info research_app@0.0.1 Failed to exec start script
11 error research_app@0.0.1 start: `node server.js`
11 error Exit status 8
12 error Failed at the research_app@0.0.1 start script.
12 error This is most likely a problem with the research_app package,
12 error not with npm itself.
12 error Tell the author that this fails on your system:
12 error     node server.js
12 error You can get their info via:
12 error     npm owner ls research_app
12 error There is likely additional logging output above.
13 error System Windows_NT 6.1.7600
14 error command "C:\\Program Files\\nodejs\\\\node.exe" "C:\\Program Files\\nodejs\\node_modules\\npm\\bin\\npm-cli.js" "start"
15 error cwd C:\Desarrollo\Proyectos\research_app
16 error node -v v0.10.26
17 error npm -v 1.4.3
18 error code ELIFECYCLE
19 verbose exit [ 1, true ]
